2024-10-17 16:50:03.538 [info] [main] Log level: Info
2024-10-17 16:50:03.538 [info] [main] Validating found git in: "git"
2024-10-17 16:50:03.538 [info] [main] Using git "2.45.2" from "git"
2024-10-17 16:50:03.538 [info] [Model][doInitialScan] Initial repository scan started
2024-10-17 16:50:03.538 [info] [Model][doInitialScan] Initial repository scan completed - repositories (0), closed repositories (0), parent repositories (0), unsafe repositories (0)
2024-10-17 16:50:31.323 [info] > git rev-parse --show-toplevel [6ms]
2024-10-17 16:50:31.323 [info] fatal: not a git repository (or any of the parent directories): .git
2024-10-17 16:56:07.451 [info] > git rev-parse --show-toplevel [3ms]
2024-10-17 16:56:07.451 [info] fatal: not a git repository (or any of the parent directories): .git
2024-10-17 16:56:10.918 [info] > git rev-parse --show-toplevel [14ms]
2024-10-17 16:56:10.918 [info] fatal: not a git repository (or any of the parent directories): .git
2024-10-17 16:56:48.051 [info] > git rev-parse --show-toplevel [5ms]
2024-10-17 16:56:48.051 [info] fatal: not a git repository (or any of the parent directories): .git
2024-10-17 16:57:03.029 [info] > git rev-parse --show-toplevel [9ms]
2024-10-17 16:57:03.029 [info] fatal: not a git repository (or any of the parent directories): .git
2024-10-17 16:57:03.730 [info] > git rev-parse --show-toplevel [12ms]
2024-10-17 16:57:03.730 [info] fatal: not a git repository (or any of the parent directories): .git
2024-10-17 16:57:45.259 [info] > git rev-parse --show-toplevel [3ms]
2024-10-17 16:57:45.259 [info] fatal: not a git repository (or any of the parent directories): .git
2024-10-17 16:57:52.119 [info] > git rev-parse --show-toplevel [7ms]
2024-10-17 16:57:52.119 [info] fatal: not a git repository (or any of the parent directories): .git
2024-10-17 16:59:40.855 [info] > git rev-parse --show-toplevel [11ms]
2024-10-17 16:59:40.855 [info] fatal: not a git repository (or any of the parent directories): .git
2024-10-17 17:00:03.819 [info] > git rev-parse --show-toplevel [7ms]
2024-10-17 17:00:03.819 [info] fatal: not a git repository (or any of the parent directories): .git
2024-10-17 17:00:44.227 [info] > git rev-parse --show-toplevel [16ms]
2024-10-17 17:00:44.227 [info] fatal: not a git repository (or any of the parent directories): .git
2024-10-17 17:00:47.828 [info] > git rev-parse --show-toplevel [15ms]
2024-10-17 17:00:47.829 [info] fatal: not a git repository (or any of the parent directories): .git
