2024-11-22 18:14:27.195 [info] Getting Manifest... ecmel.vscode-html-css
2024-11-22 18:14:27.197 [info] Getting Manifest... equinusocio.vsc-material-theme
2024-11-22 18:14:27.199 [info] Getting Manifest... equinusocio.vsc-material-theme-icons
2024-11-22 18:14:27.437 [info] Installing extension: equinusocio.vsc-material-theme {"productVersion":{"version":"1.95.2","date":"2024-11-07T11:07:22.054Z"},"pinned":false,"operation":3,"isApplicationScoped":false,"profileLocation":{"$mid":1,"external":"vscode-userdata:/home/abhinav/.vscode/extensions/extensions.json","path":"/home/abhinav/.vscode/extensions/extensions.json","scheme":"vscode-userdata"},"installOnlyNewlyAddedFromExtensionPack":true}
2024-11-22 18:14:27.452 [info] Installing extension: equinusocio.vsc-material-theme-icons {"productVersion":{"version":"1.95.2","date":"2024-11-07T11:07:22.054Z"},"pinned":false,"operation":3,"isApplicationScoped":false,"profileLocation":{"$mid":1,"external":"vscode-userdata:/home/abhinav/.vscode/extensions/extensions.json","path":"/home/abhinav/.vscode/extensions/extensions.json","scheme":"vscode-userdata"},"installOnlyNewlyAddedFromExtensionPack":true}
2024-11-22 18:14:27.453 [info] Installing extension: ecmel.vscode-html-css {"productVersion":{"version":"1.95.2","date":"2024-11-07T11:07:22.054Z"},"pinned":false,"operation":3,"isApplicationScoped":false,"profileLocation":{"$mid":1,"external":"vscode-userdata:/home/abhinav/.vscode/extensions/extensions.json","path":"/home/abhinav/.vscode/extensions/extensions.json","scheme":"vscode-userdata"},"installOnlyNewlyAddedFromExtensionPack":true}
2024-11-22 18:14:29.943 [info] Extension signature verification result for ecmel.vscode-html-css: Success. Executed: true. Duration: 1921ms.
2024-11-22 18:14:29.974 [info] Extracted extension to file:///home/abhinav/.vscode/extensions/ecmel.vscode-html-css-2.0.11: ecmel.vscode-html-css
2024-11-22 18:14:29.979 [info] Renamed to /home/abhinav/.vscode/extensions/ecmel.vscode-html-css-2.0.11
2024-11-22 18:14:29.996 [info] Marked extension as uninstalled ecmel.vscode-html-css-2.0.10
2024-11-22 18:14:30.002 [info] Extension installed successfully: ecmel.vscode-html-css vscode-userdata:/home/abhinav/.vscode/extensions/extensions.json
2024-11-22 18:14:30.072 [error] [uncaught exception in sharedProcess]: Error: ENOENT: no such file or directory, stat '/home/abhinav/.vscode/extensions/extensions.json.vsctmp': EntryNotFound (FileSystemError): Error: ENOENT: no such file or directory, stat '/home/abhinav/.vscode/extensions/extensions.json.vsctmp'
    at hm.create (file:///snap/code/175/usr/share/code/resources/app/out/vs/code/electron-utility/sharedProcess/sharedProcessMain.js:35:39254)
    at Es (file:///snap/code/175/usr/share/code/resources/app/out/vs/code/electron-utility/sharedProcess/sharedProcessMain.js:35:39361)
    at Fr.ib (file:///snap/code/175/usr/share/code/resources/app/out/vs/code/electron-utility/sharedProcess/sharedProcessMain.js:71:22677)
    at Fr.stat (file:///snap/code/175/usr/share/code/resources/app/out/vs/code/electron-utility/sharedProcess/sharedProcessMain.js:71:16010)
    at async Zl.stat (file:///snap/code/175/usr/share/code/resources/app/out/vs/code/electron-utility/sharedProcess/sharedProcessMain.js:70:84491)
    at async Jl.yb (file:///snap/code/175/usr/share/code/resources/app/out/vs/code/electron-utility/sharedProcess/sharedProcessMain.js:70:66605)
2024-11-22 18:14:30.857 [info] Extension signature verification result for equinusocio.vsc-material-theme: Success. Executed: true. Duration: 975ms.
2024-11-22 18:14:30.964 [info] Extracted extension to file:///home/abhinav/.vscode/extensions/equinusocio.vsc-material-theme-34.7.9: equinusocio.vsc-material-theme
2024-11-22 18:14:30.970 [info] Renamed to /home/abhinav/.vscode/extensions/equinusocio.vsc-material-theme-34.7.9
2024-11-22 18:14:30.985 [info] Marked extension as uninstalled equinusocio.vsc-material-theme-34.7.5
2024-11-22 18:14:30.989 [info] Extension installed successfully: equinusocio.vsc-material-theme vscode-userdata:/home/abhinav/.vscode/extensions/extensions.json
2024-11-22 18:14:31.046 [error] [uncaught exception in sharedProcess]: Error: ENOENT: no such file or directory, stat '/home/abhinav/.vscode/extensions/extensions.json.vsctmp': EntryNotFound (FileSystemError): Error: ENOENT: no such file or directory, stat '/home/abhinav/.vscode/extensions/extensions.json.vsctmp'
    at hm.create (file:///snap/code/175/usr/share/code/resources/app/out/vs/code/electron-utility/sharedProcess/sharedProcessMain.js:35:39254)
    at Es (file:///snap/code/175/usr/share/code/resources/app/out/vs/code/electron-utility/sharedProcess/sharedProcessMain.js:35:39361)
    at Fr.ib (file:///snap/code/175/usr/share/code/resources/app/out/vs/code/electron-utility/sharedProcess/sharedProcessMain.js:71:22677)
    at Fr.stat (file:///snap/code/175/usr/share/code/resources/app/out/vs/code/electron-utility/sharedProcess/sharedProcessMain.js:71:16010)
    at async Zl.stat (file:///snap/code/175/usr/share/code/resources/app/out/vs/code/electron-utility/sharedProcess/sharedProcessMain.js:70:84491)
    at async Jl.yb (file:///snap/code/175/usr/share/code/resources/app/out/vs/code/electron-utility/sharedProcess/sharedProcessMain.js:70:66605)
2024-11-22 18:14:32.211 [info] Extension signature verification result for equinusocio.vsc-material-theme-icons: Success. Executed: true. Duration: 965ms.
