2024-10-17 17:27:45.606 [info] [main] Log level: Info
2024-10-17 17:27:45.606 [info] [main] Validating found git in: "git"
2024-10-17 17:27:45.606 [info] [main] Using git "2.45.2" from "git"
2024-10-17 17:27:45.606 [info] [Model][doInitialScan] Initial repository scan started
2024-10-17 17:27:45.606 [info] > git rev-parse --show-toplevel [88ms]
2024-10-17 17:27:45.606 [info] fatal: not a git repository (or any of the parent directories): .git
2024-10-17 17:27:45.606 [info] [Model][doInitialScan] Initial repository scan completed - repositories (0), closed repositories (0), parent repositories (0), unsafe repositories (0)
2024-10-17 17:28:14.534 [info] > git rev-parse --show-toplevel [4ms]
2024-10-17 17:28:14.534 [info] fatal: not a git repository (or any of the parent directories): .git
2024-10-17 17:28:49.363 [info] > git rev-parse --show-toplevel [5ms]
2024-10-17 17:28:49.363 [info] fatal: not a git repository (or any of the parent directories): .git
2024-10-17 17:29:04.701 [info] > git rev-parse --show-toplevel [7ms]
2024-10-17 17:29:04.701 [info] fatal: not a git repository (or any of the parent directories): .git
2024-10-17 17:31:29.884 [info] > git rev-parse --show-toplevel [9ms]
2024-10-17 17:31:29.884 [info] fatal: not a git repository (or any of the parent directories): .git
2024-10-17 17:31:51.343 [info] > git rev-parse --show-toplevel [3ms]
2024-10-17 17:31:51.343 [info] fatal: not a git repository (or any of the parent directories): .git
2024-10-17 17:38:00.724 [info] > git rev-parse --show-toplevel [3ms]
2024-10-17 17:38:00.725 [info] fatal: not a git repository (or any of the parent directories): .git
2024-10-17 17:38:02.105 [info] > git rev-parse --show-toplevel [13ms]
2024-10-17 17:38:02.105 [info] fatal: not a git repository (or any of the parent directories): .git
2024-10-17 17:40:20.632 [info] > git rev-parse --show-toplevel [2ms]
2024-10-17 17:40:20.632 [info] fatal: not a git repository (or any of the parent directories): .git
2024-10-17 17:42:00.228 [info] > git rev-parse --show-toplevel [3ms]
2024-10-17 17:42:00.228 [info] fatal: not a git repository (or any of the parent directories): .git
2024-10-17 17:44:24.795 [info] > git rev-parse --show-toplevel [13ms]
2024-10-17 17:44:24.795 [info] fatal: not a git repository (or any of the parent directories): .git
2024-10-17 17:44:45.827 [info] > git rev-parse --show-toplevel [3ms]
2024-10-17 17:44:45.827 [info] fatal: not a git repository (or any of the parent directories): .git
2024-10-17 17:44:47.762 [info] > git rev-parse --show-toplevel [13ms]
2024-10-17 17:44:47.762 [info] fatal: not a git repository (or any of the parent directories): .git
2024-10-17 17:44:49.671 [info] > git rev-parse --show-toplevel [4ms]
2024-10-17 17:44:49.671 [info] fatal: not a git repository (or any of the parent directories): .git
2024-10-17 17:45:16.248 [info] > git rev-parse --show-toplevel [14ms]
2024-10-17 17:45:16.248 [info] fatal: not a git repository (or any of the parent directories): .git
2024-10-17 17:50:32.984 [info] > git rev-parse --show-toplevel [6ms]
2024-10-17 17:50:32.984 [info] fatal: not a git repository (or any of the parent directories): .git
2024-10-17 17:52:51.744 [info] > git rev-parse --show-toplevel [12ms]
2024-10-17 17:52:51.744 [info] fatal: not a git repository (or any of the parent directories): .git
2024-10-17 17:56:56.440 [info] > git rev-parse --show-toplevel [11ms]
2024-10-17 17:56:56.440 [info] fatal: not a git repository (or any of the parent directories): .git
2024-10-17 17:57:56.840 [info] > git rev-parse --show-toplevel [2ms]
2024-10-17 17:57:56.841 [info] fatal: not a git repository (or any of the parent directories): .git
2024-10-17 17:58:45.049 [info] > git rev-parse --show-toplevel [14ms]
2024-10-17 17:58:45.049 [info] fatal: not a git repository (or any of the parent directories): .git
2024-10-17 17:58:54.894 [info] > git rev-parse --show-toplevel [8ms]
2024-10-17 17:58:54.895 [info] fatal: not a git repository (or any of the parent directories): .git
2024-10-17 18:00:06.761 [info] > git rev-parse --show-toplevel [3ms]
2024-10-17 18:00:06.761 [info] fatal: not a git repository (or any of the parent directories): .git
2024-10-17 18:03:19.726 [info] > git rev-parse --show-toplevel [9ms]
2024-10-17 18:03:19.726 [info] fatal: not a git repository (or any of the parent directories): .git
2024-10-17 18:03:23.728 [info] > git rev-parse --show-toplevel [14ms]
2024-10-17 18:03:23.728 [info] fatal: not a git repository (or any of the parent directories): .git
2024-10-17 18:06:17.430 [info] > git rev-parse --show-toplevel [3ms]
2024-10-17 18:06:17.430 [info] fatal: not a git repository (or any of the parent directories): .git
2024-10-17 18:06:57.001 [info] > git rev-parse --show-toplevel [5ms]
2024-10-17 18:06:57.001 [info] fatal: not a git repository (or any of the parent directories): .git
2024-10-17 18:11:00.112 [info] > git rev-parse --show-toplevel [14ms]
2024-10-17 18:11:00.113 [info] fatal: not a git repository (or any of the parent directories): .git
2024-10-17 18:11:08.127 [info] > git rev-parse --show-toplevel [13ms]
2024-10-17 18:11:08.128 [info] fatal: not a git repository (or any of the parent directories): .git
2024-10-17 18:11:16.343 [info] > git rev-parse --show-toplevel [7ms]
2024-10-17 18:11:16.343 [info] fatal: not a git repository (or any of the parent directories): .git
2024-10-17 18:11:20.973 [info] > git rev-parse --show-toplevel [9ms]
2024-10-17 18:11:20.973 [info] fatal: not a git repository (or any of the parent directories): .git
2024-10-17 18:11:31.113 [info] > git rev-parse --show-toplevel [3ms]
2024-10-17 18:11:31.113 [info] fatal: not a git repository (or any of the parent directories): .git
2024-10-17 18:11:35.376 [info] > git rev-parse --show-toplevel [9ms]
2024-10-17 18:11:35.376 [info] fatal: not a git repository (or any of the parent directories): .git
2024-10-17 18:11:47.042 [info] > git rev-parse --show-toplevel [4ms]
2024-10-17 18:11:47.042 [info] fatal: not a git repository (or any of the parent directories): .git
2024-10-17 18:11:51.828 [info] > git rev-parse --show-toplevel [11ms]
2024-10-17 18:11:51.828 [info] fatal: not a git repository (or any of the parent directories): .git
2024-10-17 18:11:59.445 [info] > git rev-parse --show-toplevel [9ms]
2024-10-17 18:11:59.445 [info] fatal: not a git repository (or any of the parent directories): .git
2024-10-17 18:12:03.522 [info] > git rev-parse --show-toplevel [7ms]
2024-10-17 18:12:03.522 [info] fatal: not a git repository (or any of the parent directories): .git
2024-10-17 18:12:05.131 [info] > git rev-parse --show-toplevel [10ms]
2024-10-17 18:12:05.131 [info] fatal: not a git repository (or any of the parent directories): .git
2024-10-17 18:12:17.217 [info] > git rev-parse --show-toplevel [9ms]
2024-10-17 18:12:17.217 [info] fatal: not a git repository (or any of the parent directories): .git
2024-10-17 18:12:32.376 [info] > git rev-parse --show-toplevel [3ms]
2024-10-17 18:12:32.376 [info] fatal: not a git repository (or any of the parent directories): .git
2024-10-17 18:14:17.156 [info] > git rev-parse --show-toplevel [3ms]
2024-10-17 18:14:17.157 [info] fatal: not a git repository (or any of the parent directories): .git
2024-10-17 18:14:35.856 [info] > git rev-parse --show-toplevel [3ms]
2024-10-17 18:14:35.856 [info] fatal: not a git repository (or any of the parent directories): .git
2024-10-17 18:15:26.411 [info] > git rev-parse --show-toplevel [3ms]
2024-10-17 18:15:26.411 [info] fatal: not a git repository (or any of the parent directories): .git
2024-10-17 18:15:30.893 [info] > git rev-parse --show-toplevel [11ms]
2024-10-17 18:15:30.893 [info] fatal: not a git repository (or any of the parent directories): .git
2024-10-17 18:21:17.400 [info] > git rev-parse --show-toplevel [7ms]
2024-10-17 18:21:17.400 [info] fatal: not a git repository (or any of the parent directories): .git
2024-10-17 18:21:35.166 [info] > git rev-parse --show-toplevel [4ms]
2024-10-17 18:21:35.166 [info] fatal: not a git repository (or any of the parent directories): .git
2024-10-17 18:21:36.936 [info] > git rev-parse --show-toplevel [22ms]
2024-10-17 18:21:36.936 [info] fatal: not a git repository (or any of the parent directories): .git
2024-10-17 18:21:37.913 [info] > git rev-parse --show-toplevel [19ms]
2024-10-17 18:21:37.913 [info] fatal: not a git repository (or any of the parent directories): .git
2024-10-17 18:25:41.752 [info] > git rev-parse --show-toplevel [3ms]
2024-10-17 18:25:41.752 [info] fatal: not a git repository (or any of the parent directories): .git
2024-10-17 18:29:30.782 [info] > git rev-parse --show-toplevel [3ms]
2024-10-17 18:29:30.782 [info] fatal: not a git repository (or any of the parent directories): .git
2024-10-17 18:29:34.857 [info] > git rev-parse --show-toplevel [4ms]
2024-10-17 18:29:34.857 [info] fatal: not a git repository (or any of the parent directories): .git
2024-10-17 18:35:07.848 [info] > git rev-parse --show-toplevel [3ms]
2024-10-17 18:35:07.848 [info] fatal: not a git repository (or any of the parent directories): .git
2024-10-17 18:37:57.789 [info] > git rev-parse --show-toplevel [2ms]
2024-10-17 18:37:57.789 [info] fatal: not a git repository (or any of the parent directories): .git
2024-10-17 18:39:28.106 [info] > git rev-parse --show-toplevel [4ms]
2024-10-17 18:39:28.106 [info] fatal: not a git repository (or any of the parent directories): .git
2024-10-17 18:42:22.321 [info] > git rev-parse --show-toplevel [5ms]
2024-10-17 18:42:22.321 [info] fatal: not a git repository (or any of the parent directories): .git
2024-10-17 18:42:58.943 [info] > git rev-parse --show-toplevel [3ms]
2024-10-17 18:42:58.943 [info] fatal: not a git repository (or any of the parent directories): .git
2024-10-17 18:43:33.109 [info] > git rev-parse --show-toplevel [4ms]
2024-10-17 18:43:33.109 [info] fatal: not a git repository (or any of the parent directories): .git
2024-10-17 18:43:47.703 [info] > git rev-parse --show-toplevel [3ms]
2024-10-17 18:43:47.703 [info] fatal: not a git repository (or any of the parent directories): .git
2024-10-17 18:52:11.789 [info] > git rev-parse --show-toplevel [4ms]
2024-10-17 18:52:11.789 [info] fatal: not a git repository (or any of the parent directories): .git
2024-10-17 18:53:32.022 [info] > git rev-parse --show-toplevel [3ms]
2024-10-17 18:53:32.022 [info] fatal: not a git repository (or any of the parent directories): .git
2024-10-17 18:58:08.564 [info] > git rev-parse --show-toplevel [2ms]
2024-10-17 18:58:08.564 [info] fatal: not a git repository (or any of the parent directories): .git
2024-10-17 19:01:05.069 [info] > git rev-parse --show-toplevel [3ms]
2024-10-17 19:01:05.069 [info] fatal: not a git repository (or any of the parent directories): .git
2024-10-17 19:06:11.781 [info] > git rev-parse --show-toplevel [3ms]
2024-10-17 19:06:11.781 [info] fatal: not a git repository (or any of the parent directories): .git
2024-10-17 19:08:04.696 [info] > git rev-parse --show-toplevel [3ms]
2024-10-17 19:08:04.696 [info] fatal: not a git repository (or any of the parent directories): .git
2024-10-17 19:08:51.003 [info] > git rev-parse --show-toplevel [5ms]
2024-10-17 19:08:51.003 [info] fatal: not a git repository (or any of the parent directories): .git
2024-10-17 19:08:53.085 [info] > git rev-parse --show-toplevel [2ms]
2024-10-17 19:08:53.085 [info] fatal: not a git repository (or any of the parent directories): .git
2024-10-17 19:09:48.155 [info] > git rev-parse --show-toplevel [3ms]
2024-10-17 19:09:48.155 [info] fatal: not a git repository (or any of the parent directories): .git
2024-10-17 19:11:43.628 [info] > git rev-parse --show-toplevel [2ms]
2024-10-17 19:11:43.628 [info] fatal: not a git repository (or any of the parent directories): .git
