2024-09-26 19:28:23.744 [info] [main] Log level: Info
2024-09-26 19:28:23.744 [info] [main] Validating found git in: "git"
2024-09-26 19:28:23.744 [info] [main] Using git "2.45.2" from "git"
2024-09-26 19:28:23.744 [info] [Model][doInitialScan] Initial repository scan started
2024-09-26 19:28:23.744 [info] > git rev-parse --show-toplevel [17ms]
2024-09-26 19:28:23.744 [info] > git rev-parse --git-dir --git-common-dir [7ms]
2024-09-26 19:28:23.744 [info] [Model][openRepository] Opened repository: /home/abhinav/programming/abhinav-jayesh-website
2024-09-26 19:28:23.801 [info] > git rev-parse --show-toplevel [42ms]
2024-09-26 19:28:23.802 [info] > git config --get commit.template [48ms]
2024-09-26 19:28:23.826 [info] > git for-each-ref --format=%(refname)%00%(upstream:short)%00%(objectname)%00%(upstream:track)%00%(upstream:remotename)%00%(upstream:remoteref) refs/heads/main refs/remotes/main [11ms]
2024-09-26 19:28:23.832 [info] > git rev-parse --show-toplevel [8ms]
2024-09-26 19:28:23.835 [info] [Model][doInitialScan] Initial repository scan completed - repositories (1), closed repositories (0), parent repositories (1), unsafe repositories (0)
2024-09-26 19:28:23.849 [info] > git status -z -uall [6ms]
2024-09-26 19:28:23.873 [info] > git for-each-ref --format=%(refname)%00%(upstream:short)%00%(objectname)%00%(upstream:track)%00%(upstream:remotename)%00%(upstream:remoteref) refs/heads/main refs/remotes/main [16ms]
2024-09-26 19:28:23.882 [info] > git config --get commit.template [9ms]
2024-09-26 19:28:23.886 [info] > git config --local branch.main.vscode-merge-base [6ms]
2024-09-26 19:28:23.904 [info] > git for-each-ref --format=%(refname)%00%(upstream:short)%00%(objectname)%00%(upstream:track)%00%(upstream:remotename)%00%(upstream:remoteref) refs/heads/origin/main refs/remotes/origin/main [12ms]
2024-09-26 19:28:23.911 [info] > git for-each-ref --format=%(refname)%00%(upstream:short)%00%(objectname)%00%(upstream:track)%00%(upstream:remotename)%00%(upstream:remoteref) refs/heads/main refs/remotes/main [10ms]
2024-09-26 19:28:23.937 [info] > git merge-base refs/heads/main refs/remotes/origin/main [28ms]
2024-09-26 19:28:23.960 [info] > git rev-list --count --left-right refs/heads/main...refs/remotes/origin/main [17ms]
2024-09-26 19:28:23.981 [info] > git diff --name-status -z --diff-filter=ADMR dab76fa552f035f7893ff05bf53361fae1bf357d...refs/remotes/origin/main [14ms]
2024-09-26 19:28:23.992 [info] > git status -z -uall [4ms]
2024-09-26 19:28:24.006 [info] > git for-each-ref --format=%(refname)%00%(upstream:short)%00%(objectname)%00%(upstream:track)%00%(upstream:remotename)%00%(upstream:remoteref) refs/heads/main refs/remotes/main [4ms]
2024-09-26 19:28:24.018 [info] > git config --local branch.main.vscode-merge-base [6ms]
2024-09-26 19:28:24.027 [info] > git for-each-ref --format=%(refname)%00%(upstream:short)%00%(objectname)%00%(upstream:track)%00%(upstream:remotename)%00%(upstream:remoteref) refs/heads/origin/main refs/remotes/origin/main [3ms]
2024-09-26 19:28:24.275 [info] > git check-ignore -v -z --stdin [3ms]
2024-09-26 19:28:29.531 [info] > git show --textconv :abhinav-resume-french.html [14ms]
2024-09-26 19:28:29.535 [info] > git ls-files --stage -- /home/abhinav/programming/abhinav-jayesh-website/abhinav-resume-french.html [6ms]
2024-09-26 19:28:29.546 [info] > git cat-file -s f328e985dd8f53846f8306bce72e86cd83464ffa [4ms]
2024-09-26 19:28:32.472 [info] > git show --textconv :index.html [8ms]
2024-09-26 19:28:32.474 [info] > git ls-files --stage -- /home/abhinav/programming/abhinav-jayesh-website/index.html [2ms]
2024-09-26 19:28:32.481 [info] > git cat-file -s ae3cb38f053744c1d47a664279572bb806fa6e9f [3ms]
