2024-10-17 16:50:02.297 [info] Extension host with pid 14098 started
2024-10-17 16:50:02.655 [info] ExtensionService#_doActivateExtension vscode.git-base, startup: true, activationEvent: '*', root cause: vscode.git
2024-10-17 16:50:02.706 [info] ExtensionService#_doActivateExtension vscode.git, startup: true, activationEvent: '*'
2024-10-17 16:50:02.982 [info] ExtensionService#_doActivateExtension vscode.github, startup: true, activationEvent: '*'
2024-10-17 16:50:03.510 [info] Eager extensions activated
2024-10-17 16:50:03.603 [info] ExtensionService#_doActivateExtension vscode.debug-auto-launch, startup: false, activationEvent: 'onStartupFinished'
2024-10-17 16:50:03.618 [info] ExtensionService#_doActivateExtension vscode.merge-conflict, startup: false, activationEvent: 'onStartupFinished'
2024-10-17 16:50:03.705 [info] ExtensionService#_doActivateExtension ecmel.vscode-html-css, startup: false, activationEvent: 'onStartupFinished'
2024-10-17 16:50:03.717 [info] ExtensionService#_doActivateExtension Equinusocio.vsc-material-theme, startup: false, activationEvent: 'onStartupFinished'
2024-10-17 16:50:03.779 [info] ExtensionService#_doActivateExtension equinusocio.vsc-material-theme-icons, startup: false, activationEvent: 'onStartupFinished'
2024-10-17 16:50:31.482 [info] ExtensionService#_doActivateExtension vscode.html-language-features, startup: false, activationEvent: 'onLanguage:html'
2024-10-17 16:50:31.660 [info] ExtensionService#_doActivateExtension vscode.emmet, startup: false, activationEvent: 'onLanguage'
2024-10-17 16:50:43.549 [error] [ecmel.vscode-html-css] provider FAILED
2024-10-17 16:50:43.550 [error] undefined
2024-10-17 16:50:52.145 [error] [ecmel.vscode-html-css] provider FAILED
2024-10-17 16:50:52.145 [error] undefined
2024-10-17 16:50:53.412 [error] [ecmel.vscode-html-css] provider FAILED
2024-10-17 16:50:53.412 [error] undefined
2024-10-17 16:55:53.521 [info] ExtensionService#_doActivateExtension vscode.css-language-features, startup: false, activationEvent: 'onLanguage:css'
2024-10-17 17:00:44.351 [info] ExtensionService#_doActivateExtension vscode.debug-server-ready, startup: false, activationEvent: 'onDebugResolve'
