Unable to load library file:///home/abhinav/programming/websites/skwicks-phone/_app/immutable/entry/start.xbeYOzI_.ts at /snap/code/172/usr/share/code/resources/app/extensions/node_modules/typescript/lib/file:/home/abhinav/programming/websites/skwicks-phone/_app/immutable/entry/start.xbeYOzI_.ts
Unable to load library file:///home/abhinav/programming/websites/skwicks-phone/_app/immutable/entry/start.xbeYOzI_.tsx at /snap/code/172/usr/share/code/resources/app/extensions/node_modules/typescript/lib/file:/home/abhinav/programming/websites/skwicks-phone/_app/immutable/entry/start.xbeYOzI_.tsx
Unable to load library file:///home/abhinav/programming/websites/skwicks-phone/_app/immutable/entry/start.xbeYOzI_.d.ts at /snap/code/172/usr/share/code/resources/app/extensions/node_modules/typescript/lib/file:/home/abhinav/programming/websites/skwicks-phone/_app/immutable/entry/start.xbeYOzI_.d.ts
Unable to load library file:///home/abhinav/programming/websites/skwicks-phone/_app/immutable/entry/start.xbeYOzI_.js.ts at /snap/code/172/usr/share/code/resources/app/extensions/node_modules/typescript/lib/file:/home/abhinav/programming/websites/skwicks-phone/_app/immutable/entry/start.xbeYOzI_.js.ts
Unable to load library file:///home/abhinav/programming/websites/skwicks-phone/_app/immutable/entry/start.xbeYOzI_.js.tsx at /snap/code/172/usr/share/code/resources/app/extensions/node_modules/typescript/lib/file:/home/abhinav/programming/websites/skwicks-phone/_app/immutable/entry/start.xbeYOzI_.js.tsx
Unable to load library file:///home/abhinav/programming/websites/skwicks-phone/_app/immutable/entry/start.xbeYOzI_.js.d.ts at /snap/code/172/usr/share/code/resources/app/extensions/node_modules/typescript/lib/file:/home/abhinav/programming/websites/skwicks-phone/_app/immutable/entry/start.xbeYOzI_.js.d.ts
Unable to load library file:///home/abhinav/programming/websites/skwicks-phone/_app/immutable/entry/start.xbeYOzI_.js at /snap/code/172/usr/share/code/resources/app/extensions/node_modules/typescript/lib/file:/home/abhinav/programming/websites/skwicks-phone/_app/immutable/entry/start.xbeYOzI_.js
Unable to load library file:///home/abhinav/programming/websites/skwicks-phone/_app/immutable/entry/start.xbeYOzI_.jsx at /snap/code/172/usr/share/code/resources/app/extensions/node_modules/typescript/lib/file:/home/abhinav/programming/websites/skwicks-phone/_app/immutable/entry/start.xbeYOzI_.jsx
Unable to load library file:///home/abhinav/programming/websites/skwicks-phone/_app/immutable/entry/start.xbeYOzI_.js.js at /snap/code/172/usr/share/code/resources/app/extensions/node_modules/typescript/lib/file:/home/abhinav/programming/websites/skwicks-phone/_app/immutable/entry/start.xbeYOzI_.js.js
Unable to load library file:///home/abhinav/programming/websites/skwicks-phone/_app/immutable/entry/start.xbeYOzI_.js.jsx at /snap/code/172/usr/share/code/resources/app/extensions/node_modules/typescript/lib/file:/home/abhinav/programming/websites/skwicks-phone/_app/immutable/entry/start.xbeYOzI_.js.jsx
Unable to load library file:///home/abhinav/programming/websites/skwicks-phone/_app/immutable/entry/app.BbAlVlfB.ts at /snap/code/172/usr/share/code/resources/app/extensions/node_modules/typescript/lib/file:/home/abhinav/programming/websites/skwicks-phone/_app/immutable/entry/app.BbAlVlfB.ts
Unable to load library file:///home/abhinav/programming/websites/skwicks-phone/_app/immutable/entry/app.BbAlVlfB.tsx at /snap/code/172/usr/share/code/resources/app/extensions/node_modules/typescript/lib/file:/home/abhinav/programming/websites/skwicks-phone/_app/immutable/entry/app.BbAlVlfB.tsx
Unable to load library file:///home/abhinav/programming/websites/skwicks-phone/_app/immutable/entry/app.BbAlVlfB.d.ts at /snap/code/172/usr/share/code/resources/app/extensions/node_modules/typescript/lib/file:/home/abhinav/programming/websites/skwicks-phone/_app/immutable/entry/app.BbAlVlfB.d.ts
Unable to load library file:///home/abhinav/programming/websites/skwicks-phone/_app/immutable/entry/app.BbAlVlfB.js.ts at /snap/code/172/usr/share/code/resources/app/extensions/node_modules/typescript/lib/file:/home/abhinav/programming/websites/skwicks-phone/_app/immutable/entry/app.BbAlVlfB.js.ts
Unable to load library file:///home/abhinav/programming/websites/skwicks-phone/_app/immutable/entry/app.BbAlVlfB.js.tsx at /snap/code/172/usr/share/code/resources/app/extensions/node_modules/typescript/lib/file:/home/abhinav/programming/websites/skwicks-phone/_app/immutable/entry/app.BbAlVlfB.js.tsx
Unable to load library file:///home/abhinav/programming/websites/skwicks-phone/_app/immutable/entry/app.BbAlVlfB.js.d.ts at /snap/code/172/usr/share/code/resources/app/extensions/node_modules/typescript/lib/file:/home/abhinav/programming/websites/skwicks-phone/_app/immutable/entry/app.BbAlVlfB.js.d.ts
Unable to load library file:///home/abhinav/programming/websites/skwicks-phone/_app/immutable/entry/app.BbAlVlfB.js at /snap/code/172/usr/share/code/resources/app/extensions/node_modules/typescript/lib/file:/home/abhinav/programming/websites/skwicks-phone/_app/immutable/entry/app.BbAlVlfB.js
Unable to load library file:///home/abhinav/programming/websites/skwicks-phone/_app/immutable/entry/app.BbAlVlfB.jsx at /snap/code/172/usr/share/code/resources/app/extensions/node_modules/typescript/lib/file:/home/abhinav/programming/websites/skwicks-phone/_app/immutable/entry/app.BbAlVlfB.jsx
Unable to load library file:///home/abhinav/programming/websites/skwicks-phone/_app/immutable/entry/app.BbAlVlfB.js.js at /snap/code/172/usr/share/code/resources/app/extensions/node_modules/typescript/lib/file:/home/abhinav/programming/websites/skwicks-phone/_app/immutable/entry/app.BbAlVlfB.js.js
Unable to load library file:///home/abhinav/programming/websites/skwicks-phone/_app/immutable/entry/app.BbAlVlfB.js.jsx at /snap/code/172/usr/share/code/resources/app/extensions/node_modules/typescript/lib/file:/home/abhinav/programming/websites/skwicks-phone/_app/immutable/entry/app.BbAlVlfB.js.jsx
